-------------------------------------------------------------------------------
Test set: se.kth.iv1350.retailpos.startup.MainTest
-------------------------------------------------------------------------------
Tests run: 1, Failures: 1, Errors: 0, Skipped: 0, Time elapsed: 0.02 s <<< FAILURE! - in se.kth.iv1350.retailpos.startup.MainTest
testUIHasStarted  Time elapsed: 0.02 s  <<< FAILURE!
org.opentest4j.AssertionFailedError: UI did not start correctly. ==> expected: <true> but was: <false>
	at se.kth.iv1350.retailpos.startup.MainTest.testUIHasStarted(MainTest.java:44)

